Using pre-set license
Built from '2020.3/staging' branch; Version is '2020.3.11f1 (99c7afb366b3) revision 10078127'; Using compiler version '192528614'; Build Type 'Release'
OS: 'Windows 10 Pro; OS build 19043.1415; Version 2009; 64bit' Language: 'ru' Physical Memory: 8061 MB
BatchMode: 1, IsHumanControllingUs: 0, StartBugReporterOnCrash: 0, Is64bit: 1, IsPro: 0

 COMMAND LINE ARGUMENTS:
C:\Users\lenovo\Desktop\Проекты\Unity\2020.3.11f1\Editor\Unity.exe
-adb2
-batchMode
-noUpm
-name
AssetImportWorker0
-projectPath
C:/Users/lenovo/Desktop/Projects/ТЗ shooter
-logFile
Logs/AssetImportWorker0.log
-srvPort
55748
Successfully changed project path to: C:/Users/lenovo/Desktop/Projects/ТЗ shooter
C:/Users/lenovo/Desktop/Projects/ТЗ shooter
Using Asset Import Pipeline V2.
Refreshing native plugins compatible for Editor in 32.74 ms, found 2 plugins.
Preloading 0 native plugins for Editor in 0.00 ms.
Initialize engine version: 2020.3.11f1 (99c7afb366b3)
[Subsystems] Discovering subsystems at path C:/Users/lenovo/Desktop/Проекты/Unity/2020.3.11f1/Editor/Data/Resources/UnitySubsystems
[Subsystems] Discovering subsystems at path C:/Users/lenovo/Desktop/Projects/ТЗ shooter/Assets
GfxDevice: creating device client; threaded=0
Direct3D:
    Version:  Direct3D 11.0 [level 11.1]
    Renderer: NVIDIA GeForce RTX 2060 (ID=0x1f15)
    Vendor:   
    VRAM:     5980 MB
    Driver:   30.0.14.9709
Initialize mono
Mono path[0] = 'C:/Users/lenovo/Desktop/Проекты/Unity/2020.3.11f1/Editor/Data/Managed'
Mono path[1] = 'C:/Users/lenovo/Desktop/Проекты/Unity/2020.3.11f1/Editor/Data/MonoBleedingEdge/lib/mono/unityjit'
Mono config path = 'C:/Users/lenovo/Desktop/Проекты/Unity/2020.3.11f1/Editor/Data/MonoBleedingEdge/etc'
Using monoOptions --debugger-agent=transport=dt_socket,embedding=1,server=y,suspend=n,address=127.0.0.1:56768
Begin MonoManager ReloadAssembly
Registering precompiled unity dll's ...
Register platform support module: C:/Users/lenovo/Desktop/Проекты/Unity/2020.3.11f1/Editor/Data/PlaybackEngines/MacStandaloneSupport/UnityEditor.OSXStandalone.Extensions.dll
Register platform support module: C:/Users/lenovo/Desktop/Проекты/Unity/2020.3.11f1/Editor/Data/PlaybackEngines/WindowsStandaloneSupport/UnityEditor.WindowsStandalone.Extensions.dll
Registered in 0.001796 seconds.
Native extension for WindowsStandalone target not found
Native extension for OSXStandalone target not found
Refreshing native plugins compatible for Editor in 32.01 ms, found 2 plugins.
Preloading 0 native plugins for Editor in 0.00 ms.
Mono: successfully reloaded assembly
- Completed reload, in  1.813 seconds
Platform modules already initialized, skipping
Registering precompiled user dll's ...
Registered in 0.003380 seconds.
Begin MonoManager ReloadAssembly
Native extension for WindowsStandalone target not found
Native extension for OSXStandalone target not found
Refreshing native plugins compatible for Editor in 32.04 ms, found 2 plugins.
Preloading 0 native plugins for Editor in 0.00 ms.
Mono: successfully reloaded assembly
- Completed reload, in  1.071 seconds
Platform modules already initialized, skipping
========================================================================
Worker process is ready to serve import requests
Launched and connected shader compiler UnityShaderCompiler.exe after 0.04 seconds
Refreshing native plugins compatible for Editor in 0.36 ms, found 2 plugins.
Preloading 0 native plugins for Editor in 0.00 ms.
Unloading 1856 Unused Serialized files (Serialized files now loaded: 0)
System memory in use before: 81.6 MB.
System memory in use after: 81.6 MB.

Unloading 22 unused Assets to reduce memory usage. Loaded Objects now: 2291.
Total: 2.394300 ms (FindLiveObjects: 0.234100 ms CreateObjectMapping: 0.079400 ms MarkObjects: 1.998000 ms  DeleteObjects: 0.080800 ms)

========================================================================
Received Import Request.
  path: Assets/Scripts/DamageComponent.cs
  artifactKey: Guid(fabe718b7a5b5204490f82f294151f55) Importer(815301076,1909f56bfc062723c751e8b465ee728b)
Start importing Assets/Scripts/DamageComponent.cs using Guid(fabe718b7a5b5204490f82f294151f55) Importer(815301076,1909f56bfc062723c751e8b465ee728b)  -> (artifact id: '3dd1109d193d2f23ac565118ad24389a') in 0.015467 seconds
  Import took 0.018239 seconds .

========================================================================
Received Prepare
Registering precompiled user dll's ...
Registered in 0.003080 seconds.
Begin MonoManager ReloadAssembly
Native extension for WindowsStandalone target not found
Native extension for OSXStandalone target not found
Refreshing native plugins compatible for Editor in 0.40 ms, found 2 plugins.
Preloading 0 native plugins for Editor in 0.00 ms.
Mono: successfully reloaded assembly
- Completed reload, in  1.027 seconds
Platform modules already initialized, skipping
Refreshing native plugins compatible for Editor in 0.40 ms, found 2 plugins.
Preloading 0 native plugins for Editor in 0.00 ms.
Unloading 1848 Unused Serialized files (Serialized files now loaded: 0)
System memory in use before: 81.5 MB.
System memory in use after: 81.6 MB.

Unloading 16 unused Assets to reduce memory usage. Loaded Objects now: 2293.
Total: 3.327300 ms (FindLiveObjects: 0.385800 ms CreateObjectMapping: 0.080700 ms MarkObjects: 2.774100 ms  DeleteObjects: 0.083700 ms)

========================================================================
Received Prepare
Registering precompiled user dll's ...
Registered in 0.002899 seconds.
Begin MonoManager ReloadAssembly
Native extension for WindowsStandalone target not found
Native extension for OSXStandalone target not found
Refreshing native plugins compatible for Editor in 0.41 ms, found 2 plugins.
Preloading 0 native plugins for Editor in 0.00 ms.
Mono: successfully reloaded assembly
- Completed reload, in  0.978 seconds
Platform modules already initialized, skipping
Refreshing native plugins compatible for Editor in 0.40 ms, found 2 plugins.
Preloading 0 native plugins for Editor in 0.00 ms.
Unloading 1848 Unused Serialized files (Serialized files now loaded: 0)
System memory in use before: 81.5 MB.
System memory in use after: 81.6 MB.

Unloading 15 unused Assets to reduce memory usage. Loaded Objects now: 2296.
Total: 3.350800 ms (FindLiveObjects: 0.263800 ms CreateObjectMapping: 0.083200 ms MarkObjects: 2.894400 ms  DeleteObjects: 0.107400 ms)

========================================================================
Received Prepare
Registering precompiled user dll's ...
Registered in 0.003651 seconds.
Begin MonoManager ReloadAssembly
Native extension for WindowsStandalone target not found
Native extension for OSXStandalone target not found
Refreshing native plugins compatible for Editor in 0.41 ms, found 2 plugins.
Preloading 0 native plugins for Editor in 0.00 ms.
Mono: successfully reloaded assembly
- Completed reload, in  0.976 seconds
Platform modules already initialized, skipping
Refreshing native plugins compatible for Editor in 0.49 ms, found 2 plugins.
Preloading 0 native plugins for Editor in 0.00 ms.
Unloading 1848 Unused Serialized files (Serialized files now loaded: 0)
System memory in use before: 81.6 MB.
System memory in use after: 81.6 MB.

Unloading 15 unused Assets to reduce memory usage. Loaded Objects now: 2299.
Total: 2.625400 ms (FindLiveObjects: 0.230000 ms CreateObjectMapping: 0.081400 ms MarkObjects: 2.228000 ms  DeleteObjects: 0.084200 ms)

========================================================================
Received Prepare
Registering precompiled user dll's ...
Registered in 0.002885 seconds.
Begin MonoManager ReloadAssembly
Native extension for WindowsStandalone target not found
Native extension for OSXStandalone target not found
Refreshing native plugins compatible for Editor in 0.37 ms, found 2 plugins.
Preloading 0 native plugins for Editor in 0.00 ms.
Mono: successfully reloaded assembly
- Completed reload, in  0.982 seconds
Platform modules already initialized, skipping
Refreshing native plugins compatible for Editor in 0.46 ms, found 2 plugins.
Preloading 0 native plugins for Editor in 0.00 ms.
Unloading 1848 Unused Serialized files (Serialized files now loaded: 0)
System memory in use before: 81.6 MB.
System memory in use after: 81.7 MB.

Unloading 15 unused Assets to reduce memory usage. Loaded Objects now: 2302.
Total: 2.819400 ms (FindLiveObjects: 0.194900 ms CreateObjectMapping: 0.042500 ms MarkObjects: 2.499800 ms  DeleteObjects: 0.079600 ms)

========================================================================
Received Prepare
Registering precompiled user dll's ...
Registered in 0.003077 seconds.
Begin MonoManager ReloadAssembly
Native extension for WindowsStandalone target not found
Native extension for OSXStandalone target not found
Refreshing native plugins compatible for Editor in 0.38 ms, found 2 plugins.
Preloading 0 native plugins for Editor in 0.00 ms.
Mono: successfully reloaded assembly
- Completed reload, in  1.008 seconds
Platform modules already initialized, skipping
Refreshing native plugins compatible for Editor in 0.41 ms, found 2 plugins.
Preloading 0 native plugins for Editor in 0.00 ms.
Unloading 1848 Unused Serialized files (Serialized files now loaded: 0)
System memory in use before: 81.6 MB.
System memory in use after: 81.7 MB.

Unloading 15 unused Assets to reduce memory usage. Loaded Objects now: 2305.
Total: 3.479700 ms (FindLiveObjects: 0.228400 ms CreateObjectMapping: 0.064500 ms MarkObjects: 3.112400 ms  DeleteObjects: 0.072800 ms)

========================================================================
Received Import Request.
  Time since last request: 236.510438 seconds.
  path: Assets/Player folder/GunsPrefabs/Shotgun.prefab
  artifactKey: Guid(9885b5b29b01f644aac3a10e371da76d) Importer(815301076,1909f56bfc062723c751e8b465ee728b)
Start importing Assets/Player folder/GunsPrefabs/Shotgun.prefab using Guid(9885b5b29b01f644aac3a10e371da76d) Importer(815301076,1909f56bfc062723c751e8b465ee728b)  -> (artifact id: '0aaa1607a1dfec9e3660cf8b5de20528') in 0.108137 seconds
  Import took 0.127813 seconds .

========================================================================
Received Import Request.
  Time since last request: 0.025014 seconds.
  path: Assets/Player folder/GunsPrefabs/Shotgun.prefab
  artifactKey: Guid(9885b5b29b01f644aac3a10e371da76d) Importer(815301076,1909f56bfc062723c751e8b465ee728b)
Start importing Assets/Player folder/GunsPrefabs/Shotgun.prefab using Guid(9885b5b29b01f644aac3a10e371da76d) Importer(815301076,1909f56bfc062723c751e8b465ee728b)  -> (artifact id: '0aaa1607a1dfec9e3660cf8b5de20528') in 0.008192 seconds
  Import took 0.010992 seconds .

========================================================================
Received Import Request.
  Time since last request: 13.851782 seconds.
  path: Assets/Player folder/GunsPrefabs/Shotgun.prefab
  artifactKey: Guid(9885b5b29b01f644aac3a10e371da76d) Importer(815301076,1909f56bfc062723c751e8b465ee728b)
Start importing Assets/Player folder/GunsPrefabs/Shotgun.prefab using Guid(9885b5b29b01f644aac3a10e371da76d) Importer(815301076,1909f56bfc062723c751e8b465ee728b)  -> (artifact id: 'b9f1aa6d375b7c7726a6d890263bcd8e') in 0.015636 seconds
  Import took 0.020173 seconds .

========================================================================
Received Import Request.
  Time since last request: 5.337171 seconds.
  path: Assets/Player folder/GunsPrefabs/Shotgun.prefab
  artifactKey: Guid(9885b5b29b01f644aac3a10e371da76d) Importer(815301076,1909f56bfc062723c751e8b465ee728b)
Start importing Assets/Player folder/GunsPrefabs/Shotgun.prefab using Guid(9885b5b29b01f644aac3a10e371da76d) Importer(815301076,1909f56bfc062723c751e8b465ee728b)  -> (artifact id: 'a03fd92ef63dc3bd0d5753f7a730c4b0') in 0.010924 seconds
  Import took 0.013883 seconds .

========================================================================
Received Import Request.
  Time since last request: 11.026999 seconds.
  path: Assets/Player folder/GunsPrefabs/Pistol.prefab
  artifactKey: Guid(37f16acfcf7fef340986ae35d8d40781) Importer(815301076,1909f56bfc062723c751e8b465ee728b)
Start importing Assets/Player folder/GunsPrefabs/Pistol.prefab using Guid(37f16acfcf7fef340986ae35d8d40781) Importer(815301076,1909f56bfc062723c751e8b465ee728b)  -> (artifact id: 'bb745043fb7ccb5b290615950540152e') in 0.014482 seconds
  Import took 0.018409 seconds .

========================================================================
Received Import Request.
  Time since last request: 3.192286 seconds.
  path: Assets/Player folder/GunsPrefabs/Pistol.prefab
  artifactKey: Guid(37f16acfcf7fef340986ae35d8d40781) Importer(815301076,1909f56bfc062723c751e8b465ee728b)
Start importing Assets/Player folder/GunsPrefabs/Pistol.prefab using Guid(37f16acfcf7fef340986ae35d8d40781) Importer(815301076,1909f56bfc062723c751e8b465ee728b)  -> (artifact id: 'a510d6400fc33ae702a71fedfc1be787') in 0.019637 seconds
  Import took 0.023800 seconds .

========================================================================
Received Import Request.
  Time since last request: 21.775617 seconds.
  path: Assets/Enemy folder/Guns Prefabs/EnemyGun 1.prefab
  artifactKey: Guid(9ed7fcb1770e589428cfa63ad8959acc) Importer(815301076,1909f56bfc062723c751e8b465ee728b)
Start importing Assets/Enemy folder/Guns Prefabs/EnemyGun 1.prefab using Guid(9ed7fcb1770e589428cfa63ad8959acc) Importer(815301076,1909f56bfc062723c751e8b465ee728b)  -> (artifact id: 'dea4bee88ecff79b1d88930a779b4fb3') in 0.016766 seconds
  Import took 0.057875 seconds .

========================================================================
Received Import Request.
  Time since last request: 0.006209 seconds.
  path: Assets/Enemy folder/Guns Prefabs/EnemyGun 1.prefab
  artifactKey: Guid(9ed7fcb1770e589428cfa63ad8959acc) Importer(815301076,1909f56bfc062723c751e8b465ee728b)
Start importing Assets/Enemy folder/Guns Prefabs/EnemyGun 1.prefab using Guid(9ed7fcb1770e589428cfa63ad8959acc) Importer(815301076,1909f56bfc062723c751e8b465ee728b)  -> (artifact id: 'dea4bee88ecff79b1d88930a779b4fb3') in 0.013989 seconds
  Import took 0.017430 seconds .

========================================================================
Received Import Request.
  Time since last request: 6.064323 seconds.
  path: Assets/Player folder/GunsPrefabs/Machinegun.prefab
  artifactKey: Guid(9af849a2841c8a04ca7f30778ffffbb4) Importer(815301076,1909f56bfc062723c751e8b465ee728b)
Start importing Assets/Player folder/GunsPrefabs/Machinegun.prefab using Guid(9af849a2841c8a04ca7f30778ffffbb4) Importer(815301076,1909f56bfc062723c751e8b465ee728b)  -> (artifact id: 'd9ee7ef7755ac4d16e2342c0093a6963') in 0.011770 seconds
  Import took 0.014950 seconds .

========================================================================
Received Import Request.
  Time since last request: 0.000345 seconds.
  path: Assets/Player folder/GunsPrefabs/Machinegun.prefab
  artifactKey: Guid(9af849a2841c8a04ca7f30778ffffbb4) Importer(815301076,1909f56bfc062723c751e8b465ee728b)
Start importing Assets/Player folder/GunsPrefabs/Machinegun.prefab using Guid(9af849a2841c8a04ca7f30778ffffbb4) Importer(815301076,1909f56bfc062723c751e8b465ee728b)  -> (artifact id: 'd9ee7ef7755ac4d16e2342c0093a6963') in 0.008384 seconds
  Import took 0.011295 seconds .

========================================================================
Received Prepare
Registering precompiled user dll's ...
Registered in 0.002924 seconds.
Begin MonoManager ReloadAssembly
Native extension for WindowsStandalone target not found
Native extension for OSXStandalone target not found
Refreshing native plugins compatible for Editor in 0.41 ms, found 2 plugins.
Preloading 0 native plugins for Editor in 0.00 ms.
Mono: successfully reloaded assembly
- Completed reload, in  1.005 seconds
Platform modules already initialized, skipping
Refreshing native plugins compatible for Editor in 0.38 ms, found 2 plugins.
Preloading 0 native plugins for Editor in 0.00 ms.
Unloading 1848 Unused Serialized files (Serialized files now loaded: 0)
System memory in use before: 84.8 MB.
System memory in use after: 84.9 MB.

Unloading 15 unused Assets to reduce memory usage. Loaded Objects now: 2317.
Total: 2.596600 ms (FindLiveObjects: 0.350400 ms CreateObjectMapping: 0.090900 ms MarkObjects: 2.091800 ms  DeleteObjects: 0.060200 ms)

========================================================================
Received Import Request.
  Time since last request: 30.640687 seconds.
  path: Assets/Player folder/GunsPrefabs/Machinegun.prefab
  artifactKey: Guid(9af849a2841c8a04ca7f30778ffffbb4) Importer(815301076,1909f56bfc062723c751e8b465ee728b)
Start importing Assets/Player folder/GunsPrefabs/Machinegun.prefab using Guid(9af849a2841c8a04ca7f30778ffffbb4) Importer(815301076,1909f56bfc062723c751e8b465ee728b)  -> (artifact id: '4f99460c4565b83375e8a11ef21de198') in 0.054838 seconds
  Import took 0.058168 seconds .

========================================================================
Received Prepare
Registering precompiled user dll's ...
Registered in 0.003555 seconds.
Begin MonoManager ReloadAssembly
Native extension for WindowsStandalone target not found
Native extension for OSXStandalone target not found
Refreshing native plugins compatible for Editor in 0.46 ms, found 2 plugins.
Preloading 0 native plugins for Editor in 0.00 ms.
Mono: successfully reloaded assembly
- Completed reload, in  1.030 seconds
Platform modules already initialized, skipping
Refreshing native plugins compatible for Editor in 0.61 ms, found 2 plugins.
Preloading 0 native plugins for Editor in 0.00 ms.
Unloading 1848 Unused Serialized files (Serialized files now loaded: 0)
System memory in use before: 84.8 MB.
System memory in use after: 84.9 MB.

Unloading 15 unused Assets to reduce memory usage. Loaded Objects now: 2321.
Total: 4.301200 ms (FindLiveObjects: 0.370700 ms CreateObjectMapping: 0.138900 ms MarkObjects: 3.715200 ms  DeleteObjects: 0.074400 ms)

========================================================================
Received Prepare
Registering precompiled user dll's ...
Registered in 0.002894 seconds.
Begin MonoManager ReloadAssembly
Native extension for WindowsStandalone target not found
Native extension for OSXStandalone target not found
Refreshing native plugins compatible for Editor in 0.41 ms, found 2 plugins.
Preloading 0 native plugins for Editor in 0.00 ms.
Mono: successfully reloaded assembly
- Completed reload, in  0.974 seconds
Platform modules already initialized, skipping
Refreshing native plugins compatible for Editor in 0.45 ms, found 2 plugins.
Preloading 0 native plugins for Editor in 0.00 ms.
Unloading 1848 Unused Serialized files (Serialized files now loaded: 0)
System memory in use before: 84.8 MB.
System memory in use after: 84.9 MB.

Unloading 15 unused Assets to reduce memory usage. Loaded Objects now: 2324.
Total: 2.192600 ms (FindLiveObjects: 0.193600 ms CreateObjectMapping: 0.042400 ms MarkObjects: 1.881500 ms  DeleteObjects: 0.073800 ms)

========================================================================
Received Prepare
Registering precompiled user dll's ...
Registered in 0.003670 seconds.
Begin MonoManager ReloadAssembly
Native extension for WindowsStandalone target not found
Native extension for OSXStandalone target not found
Refreshing native plugins compatible for Editor in 0.36 ms, found 2 plugins.
Preloading 0 native plugins for Editor in 0.00 ms.
Mono: successfully reloaded assembly
- Completed reload, in  0.973 seconds
Platform modules already initialized, skipping
Refreshing native plugins compatible for Editor in 0.50 ms, found 2 plugins.
Preloading 0 native plugins for Editor in 0.00 ms.
Unloading 1848 Unused Serialized files (Serialized files now loaded: 0)
System memory in use before: 84.8 MB.
System memory in use after: 84.9 MB.

Unloading 15 unused Assets to reduce memory usage. Loaded Objects now: 2327.
Total: 3.071500 ms (FindLiveObjects: 0.293000 ms CreateObjectMapping: 0.085800 ms MarkObjects: 2.614500 ms  DeleteObjects: 0.076000 ms)

========================================================================
Received Prepare
Registering precompiled user dll's ...
Registered in 0.003792 seconds.
Begin MonoManager ReloadAssembly
Native extension for WindowsStandalone target not found
Native extension for OSXStandalone target not found
Refreshing native plugins compatible for Editor in 0.48 ms, found 2 plugins.
Preloading 0 native plugins for Editor in 0.00 ms.
Mono: successfully reloaded assembly
- Completed reload, in  1.006 seconds
Platform modules already initialized, skipping
Refreshing native plugins compatible for Editor in 0.47 ms, found 2 plugins.
Preloading 0 native plugins for Editor in 0.00 ms.
Unloading 1848 Unused Serialized files (Serialized files now loaded: 0)
System memory in use before: 84.8 MB.
System memory in use after: 84.9 MB.

Unloading 15 unused Assets to reduce memory usage. Loaded Objects now: 2330.
Total: 2.473900 ms (FindLiveObjects: 0.291700 ms CreateObjectMapping: 0.083100 ms MarkObjects: 2.033200 ms  DeleteObjects: 0.063900 ms)

========================================================================
Received Prepare
Registering precompiled user dll's ...
Registered in 0.003465 seconds.
Begin MonoManager ReloadAssembly
Native extension for WindowsStandalone target not found
Native extension for OSXStandalone target not found
Refreshing native plugins compatible for Editor in 0.36 ms, found 2 plugins.
Preloading 0 native plugins for Editor in 0.00 ms.
Mono: successfully reloaded assembly
- Completed reload, in  0.957 seconds
Platform modules already initialized, skipping
Refreshing native plugins compatible for Editor in 0.42 ms, found 2 plugins.
Preloading 0 native plugins for Editor in 0.00 ms.
Unloading 1848 Unused Serialized files (Serialized files now loaded: 0)
System memory in use before: 84.8 MB.
System memory in use after: 84.9 MB.

Unloading 15 unused Assets to reduce memory usage. Loaded Objects now: 2333.
Total: 2.417300 ms (FindLiveObjects: 0.304700 ms CreateObjectMapping: 0.051900 ms MarkObjects: 1.982300 ms  DeleteObjects: 0.076500 ms)

========================================================================
Received Prepare
Registering precompiled user dll's ...
Registered in 0.003214 seconds.
Begin MonoManager ReloadAssembly
Native extension for WindowsStandalone target not found
Native extension for OSXStandalone target not found
Refreshing native plugins compatible for Editor in 0.36 ms, found 2 plugins.
Preloading 0 native plugins for Editor in 0.00 ms.
Mono: successfully reloaded assembly
- Completed reload, in  0.975 seconds
Platform modules already initialized, skipping
Refreshing native plugins compatible for Editor in 0.39 ms, found 2 plugins.
Preloading 0 native plugins for Editor in 0.00 ms.
Unloading 1848 Unused Serialized files (Serialized files now loaded: 0)
System memory in use before: 84.8 MB.
System memory in use after: 84.9 MB.

Unloading 15 unused Assets to reduce memory usage. Loaded Objects now: 2336.
Total: 2.728600 ms (FindLiveObjects: 0.416500 ms CreateObjectMapping: 0.094900 ms MarkObjects: 2.151200 ms  DeleteObjects: 0.064100 ms)

========================================================================
Received Prepare
Registering precompiled user dll's ...
Registered in 0.002962 seconds.
Begin MonoManager ReloadAssembly
Native extension for WindowsStandalone target not found
Native extension for OSXStandalone target not found
Refreshing native plugins compatible for Editor in 0.38 ms, found 2 plugins.
Preloading 0 native plugins for Editor in 0.00 ms.
Mono: successfully reloaded assembly
- Completed reload, in  1.010 seconds
Platform modules already initialized, skipping
Refreshing native plugins compatible for Editor in 0.43 ms, found 2 plugins.
Preloading 0 native plugins for Editor in 0.00 ms.
Unloading 1848 Unused Serialized files (Serialized files now loaded: 0)
System memory in use before: 84.8 MB.
System memory in use after: 84.9 MB.

Unloading 15 unused Assets to reduce memory usage. Loaded Objects now: 2339.
Total: 2.782300 ms (FindLiveObjects: 0.247100 ms CreateObjectMapping: 0.082800 ms MarkObjects: 2.387600 ms  DeleteObjects: 0.063200 ms)

========================================================================
Received Prepare
Registering precompiled user dll's ...
Registered in 0.004129 seconds.
Begin MonoManager ReloadAssembly
Native extension for WindowsStandalone target not found
Native extension for OSXStandalone target not found
Refreshing native plugins compatible for Editor in 0.67 ms, found 2 plugins.
Preloading 0 native plugins for Editor in 0.00 ms.
Mono: successfully reloaded assembly
- Completed reload, in  1.020 seconds
Platform modules already initialized, skipping
Refreshing native plugins compatible for Editor in 0.46 ms, found 2 plugins.
Preloading 0 native plugins for Editor in 0.00 ms.
Unloading 1848 Unused Serialized files (Serialized files now loaded: 0)
System memory in use before: 84.9 MB.
System memory in use after: 84.9 MB.

Unloading 15 unused Assets to reduce memory usage. Loaded Objects now: 2342.
Total: 2.789300 ms (FindLiveObjects: 0.241300 ms CreateObjectMapping: 0.041700 ms MarkObjects: 2.442700 ms  DeleteObjects: 0.062000 ms)

========================================================================
Received Prepare
Registering precompiled user dll's ...
Registered in 0.003366 seconds.
Begin MonoManager ReloadAssembly
Native extension for WindowsStandalone target not found
Native extension for OSXStandalone target not found
Refreshing native plugins compatible for Editor in 0.75 ms, found 2 plugins.
Preloading 0 native plugins for Editor in 0.00 ms.
Mono: successfully reloaded assembly
- Completed reload, in  1.013 seconds
Platform modules already initialized, skipping
Refreshing native plugins compatible for Editor in 0.40 ms, found 2 plugins.
Preloading 0 native plugins for Editor in 0.00 ms.
Unloading 1848 Unused Serialized files (Serialized files now loaded: 0)
System memory in use before: 84.9 MB.
System memory in use after: 84.9 MB.

Unloading 15 unused Assets to reduce memory usage. Loaded Objects now: 2345.
Total: 2.872500 ms (FindLiveObjects: 0.384200 ms CreateObjectMapping: 0.093100 ms MarkObjects: 2.328600 ms  DeleteObjects: 0.065000 ms)

========================================================================
Received Prepare
Registering precompiled user dll's ...
Registered in 0.002924 seconds.
Begin MonoManager ReloadAssembly
Native extension for WindowsStandalone target not found
Native extension for OSXStandalone target not found
Refreshing native plugins compatible for Editor in 0.41 ms, found 2 plugins.
Preloading 0 native plugins for Editor in 0.00 ms.
Mono: successfully reloaded assembly
- Completed reload, in  0.954 seconds
Platform modules already initialized, skipping
Refreshing native plugins compatible for Editor in 0.38 ms, found 2 plugins.
Preloading 0 native plugins for Editor in 0.00 ms.
Unloading 1848 Unused Serialized files (Serialized files now loaded: 0)
System memory in use before: 84.9 MB.
System memory in use after: 85.0 MB.

Unloading 15 unused Assets to reduce memory usage. Loaded Objects now: 2348.
Total: 2.635700 ms (FindLiveObjects: 0.273700 ms CreateObjectMapping: 0.080700 ms MarkObjects: 2.215200 ms  DeleteObjects: 0.064100 ms)

========================================================================
Received Import Request.
  Time since last request: 332.899461 seconds.
  path: Assets/Enemy folder/Enemy.prefab
  artifactKey: Guid(2ab333d93e5e8614e83fcb024eaa5aac) Importer(815301076,1909f56bfc062723c751e8b465ee728b)
Start importing Assets/Enemy folder/Enemy.prefab using Guid(2ab333d93e5e8614e83fcb024eaa5aac) Importer(815301076,1909f56bfc062723c751e8b465ee728b)  -> (artifact id: 'acc49e911b91dffbc9212e2e53cd9989') in 0.087244 seconds
  Import took 0.094099 seconds .

========================================================================
Received Prepare
Registering precompiled user dll's ...
Registered in 0.003200 seconds.
Begin MonoManager ReloadAssembly
Native extension for WindowsStandalone target not found
Native extension for OSXStandalone target not found
Refreshing native plugins compatible for Editor in 0.48 ms, found 2 plugins.
Preloading 0 native plugins for Editor in 0.00 ms.
Mono: successfully reloaded assembly
- Completed reload, in  0.978 seconds
Platform modules already initialized, skipping
Refreshing native plugins compatible for Editor in 0.49 ms, found 2 plugins.
Preloading 0 native plugins for Editor in 0.00 ms.
Unloading 1848 Unused Serialized files (Serialized files now loaded: 0)
System memory in use before: 84.9 MB.
System memory in use after: 85.0 MB.

Unloading 15 unused Assets to reduce memory usage. Loaded Objects now: 2352.
Total: 2.644900 ms (FindLiveObjects: 0.243700 ms CreateObjectMapping: 0.081400 ms MarkObjects: 2.258000 ms  DeleteObjects: 0.059500 ms)

========================================================================
Received Prepare
Registering precompiled user dll's ...
Registered in 0.004290 seconds.
Begin MonoManager ReloadAssembly
Native extension for WindowsStandalone target not found
Native extension for OSXStandalone target not found
Refreshing native plugins compatible for Editor in 0.37 ms, found 2 plugins.
Preloading 0 native plugins for Editor in 0.00 ms.
Mono: successfully reloaded assembly
- Completed reload, in  0.987 seconds
Platform modules already initialized, skipping
Refreshing native plugins compatible for Editor in 0.43 ms, found 2 plugins.
Preloading 0 native plugins for Editor in 0.00 ms.
Unloading 1848 Unused Serialized files (Serialized files now loaded: 0)
System memory in use before: 84.9 MB.
System memory in use after: 85.0 MB.

Unloading 15 unused Assets to reduce memory usage. Loaded Objects now: 2355.
Total: 2.580900 ms (FindLiveObjects: 0.192600 ms CreateObjectMapping: 0.043000 ms MarkObjects: 2.283000 ms  DeleteObjects: 0.060900 ms)

========================================================================
Received Prepare
Registering precompiled user dll's ...
Registered in 0.003177 seconds.
Begin MonoManager ReloadAssembly
Native extension for WindowsStandalone target not found
Native extension for OSXStandalone target not found
Refreshing native plugins compatible for Editor in 0.95 ms, found 2 plugins.
Preloading 0 native plugins for Editor in 0.00 ms.
Mono: successfully reloaded assembly
- Completed reload, in  1.046 seconds
Platform modules already initialized, skipping
Refreshing native plugins compatible for Editor in 0.51 ms, found 2 plugins.
Preloading 0 native plugins for Editor in 0.00 ms.
Unloading 1848 Unused Serialized files (Serialized files now loaded: 0)
System memory in use before: 84.9 MB.
System memory in use after: 85.0 MB.

Unloading 15 unused Assets to reduce memory usage. Loaded Objects now: 2358.
Total: 3.345700 ms (FindLiveObjects: 0.262300 ms CreateObjectMapping: 0.112900 ms MarkObjects: 2.900600 ms  DeleteObjects: 0.068600 ms)

========================================================================
Received Prepare
Registering precompiled user dll's ...
Registered in 0.003143 seconds.
Begin MonoManager ReloadAssembly
Native extension for WindowsStandalone target not found
Native extension for OSXStandalone target not found
Refreshing native plugins compatible for Editor in 0.48 ms, found 2 plugins.
Preloading 0 native plugins for Editor in 0.00 ms.
Mono: successfully reloaded assembly
- Completed reload, in  1.091 seconds
Platform modules already initialized, skipping
Refreshing native plugins compatible for Editor in 0.42 ms, found 2 plugins.
Preloading 0 native plugins for Editor in 0.00 ms.
Unloading 1848 Unused Serialized files (Serialized files now loaded: 0)
System memory in use before: 84.9 MB.
System memory in use after: 85.0 MB.

Unloading 15 unused Assets to reduce memory usage. Loaded Objects now: 2361.
Total: 2.965700 ms (FindLiveObjects: 0.269800 ms CreateObjectMapping: 0.086400 ms MarkObjects: 2.546600 ms  DeleteObjects: 0.061200 ms)

========================================================================
Received Prepare
Registering precompiled user dll's ...
Registered in 0.002820 seconds.
Begin MonoManager ReloadAssembly
Native extension for WindowsStandalone target not found
Native extension for OSXStandalone target not found
Refreshing native plugins compatible for Editor in 0.47 ms, found 2 plugins.
Preloading 0 native plugins for Editor in 0.00 ms.
Mono: successfully reloaded assembly
- Completed reload, in  1.043 seconds
Platform modules already initialized, skipping
Refreshing native plugins compatible for Editor in 0.50 ms, found 2 plugins.
Preloading 0 native plugins for Editor in 0.00 ms.
Unloading 1848 Unused Serialized files (Serialized files now loaded: 0)
System memory in use before: 84.9 MB.
System memory in use after: 85.0 MB.

Unloading 15 unused Assets to reduce memory usage. Loaded Objects now: 2364.
Total: 2.006600 ms (FindLiveObjects: 0.193500 ms CreateObjectMapping: 0.041000 ms MarkObjects: 1.707400 ms  DeleteObjects: 0.063000 ms)

========================================================================
Received Prepare
Registering precompiled user dll's ...
Registered in 0.003069 seconds.
Begin MonoManager ReloadAssembly
Native extension for WindowsStandalone target not found
Native extension for OSXStandalone target not found
Refreshing native plugins compatible for Editor in 0.55 ms, found 2 plugins.
Preloading 0 native plugins for Editor in 0.00 ms.
Mono: successfully reloaded assembly
- Completed reload, in  1.008 seconds
Platform modules already initialized, skipping
Refreshing native plugins compatible for Editor in 0.63 ms, found 2 plugins.
Preloading 0 native plugins for Editor in 0.00 ms.
Unloading 1848 Unused Serialized files (Serialized files now loaded: 0)
System memory in use before: 84.9 MB.
System memory in use after: 85.0 MB.

Unloading 15 unused Assets to reduce memory usage. Loaded Objects now: 2367.
Total: 3.147300 ms (FindLiveObjects: 0.422200 ms CreateObjectMapping: 0.070200 ms MarkObjects: 2.566900 ms  DeleteObjects: 0.084700 ms)

========================================================================
Received Prepare
Registering precompiled user dll's ...
Registered in 0.003139 seconds.
Begin MonoManager ReloadAssembly
Native extension for WindowsStandalone target not found
Native extension for OSXStandalone target not found
Refreshing native plugins compatible for Editor in 0.40 ms, found 2 plugins.
Preloading 0 native plugins for Editor in 0.00 ms.
Mono: successfully reloaded assembly
- Completed reload, in  1.053 seconds
Platform modules already initialized, skipping
Refreshing native plugins compatible for Editor in 0.39 ms, found 2 plugins.
Preloading 0 native plugins for Editor in 0.00 ms.
Unloading 1848 Unused Serialized files (Serialized files now loaded: 0)
System memory in use before: 84.9 MB.
System memory in use after: 85.0 MB.

Unloading 15 unused Assets to reduce memory usage. Loaded Objects now: 2370.
Total: 2.910900 ms (FindLiveObjects: 0.277500 ms CreateObjectMapping: 0.053600 ms MarkObjects: 2.494800 ms  DeleteObjects: 0.083000 ms)

========================================================================
Received Prepare
Registering precompiled user dll's ...
Registered in 0.003481 seconds.
Begin MonoManager ReloadAssembly
Native extension for WindowsStandalone target not found
Native extension for OSXStandalone target not found
Refreshing native plugins compatible for Editor in 0.50 ms, found 2 plugins.
Preloading 0 native plugins for Editor in 0.00 ms.
Mono: successfully reloaded assembly
- Completed reload, in  1.113 seconds
Platform modules already initialized, skipping
Refreshing native plugins compatible for Editor in 0.44 ms, found 2 plugins.
Preloading 0 native plugins for Editor in 0.00 ms.
Unloading 1848 Unused Serialized files (Serialized files now loaded: 0)
System memory in use before: 84.9 MB.
System memory in use after: 85.0 MB.

Unloading 15 unused Assets to reduce memory usage. Loaded Objects now: 2373.
Total: 3.346900 ms (FindLiveObjects: 0.249400 ms CreateObjectMapping: 0.083500 ms MarkObjects: 2.944900 ms  DeleteObjects: 0.067100 ms)

========================================================================
Received Prepare
Registering precompiled user dll's ...
Registered in 0.003486 seconds.
Begin MonoManager ReloadAssembly
Native extension for WindowsStandalone target not found
Native extension for OSXStandalone target not found
Refreshing native plugins compatible for Editor in 0.51 ms, found 2 plugins.
Preloading 0 native plugins for Editor in 0.00 ms.
Mono: successfully reloaded assembly
- Completed reload, in  1.009 seconds
Platform modules already initialized, skipping
Refreshing native plugins compatible for Editor in 0.55 ms, found 2 plugins.
Preloading 0 native plugins for Editor in 0.00 ms.
Unloading 1848 Unused Serialized files (Serialized files now loaded: 0)
System memory in use before: 84.9 MB.
System memory in use after: 85.0 MB.

Unloading 15 unused Assets to reduce memory usage. Loaded Objects now: 2376.
Total: 2.332100 ms (FindLiveObjects: 0.257500 ms CreateObjectMapping: 0.084400 ms MarkObjects: 1.925600 ms  DeleteObjects: 0.062800 ms)

========================================================================
Received Prepare
Registering precompiled user dll's ...
Registered in 0.002952 seconds.
Begin MonoManager ReloadAssembly
Native extension for WindowsStandalone target not found
Native extension for OSXStandalone target not found
Refreshing native plugins compatible for Editor in 0.39 ms, found 2 plugins.
Preloading 0 native plugins for Editor in 0.00 ms.
Mono: successfully reloaded assembly
- Completed reload, in  0.957 seconds
Platform modules already initialized, skipping
Refreshing native plugins compatible for Editor in 0.49 ms, found 2 plugins.
Preloading 0 native plugins for Editor in 0.00 ms.
Unloading 1848 Unused Serialized files (Serialized files now loaded: 0)
System memory in use before: 85.0 MB.
System memory in use after: 85.0 MB.

Unloading 15 unused Assets to reduce memory usage. Loaded Objects now: 2379.
Total: 2.814000 ms (FindLiveObjects: 0.291300 ms CreateObjectMapping: 0.046700 ms MarkObjects: 2.414600 ms  DeleteObjects: 0.059600 ms)

========================================================================
Received Prepare
Registering precompiled user dll's ...
Registered in 0.003226 seconds.
Begin MonoManager ReloadAssembly
Native extension for WindowsStandalone target not found
Native extension for OSXStandalone target not found
Refreshing native plugins compatible for Editor in 0.36 ms, found 2 plugins.
Preloading 0 native plugins for Editor in 0.00 ms.
Mono: successfully reloaded assembly
- Completed reload, in  0.960 seconds
Platform modules already initialized, skipping
Refreshing native plugins compatible for Editor in 0.46 ms, found 2 plugins.
Preloading 0 native plugins for Editor in 0.00 ms.
Unloading 1848 Unused Serialized files (Serialized files now loaded: 0)
System memory in use before: 85.0 MB.
System memory in use after: 85.0 MB.

Unloading 15 unused Assets to reduce memory usage. Loaded Objects now: 2382.
Total: 2.393300 ms (FindLiveObjects: 0.273000 ms CreateObjectMapping: 0.045700 ms MarkObjects: 2.011100 ms  DeleteObjects: 0.061500 ms)

AssetImportWorkerClient::OnTransportError - code=2 error=End of file
